<?xml version="1.0" encoding="UTF-8"?>
<testng-results skipped="0" failed="0" ignored="0" total="2" passed="2">
  <reporter-output>
  </reporter-output>
  <suite name="Default Suite" duration-ms="13566" started-at="2022-07-19T15:25:06 IST" finished-at="2022-07-19T15:25:19 IST">
    <groups>
    </groups>
    <test name="MavenProject" duration-ms="13566" started-at="2022-07-19T15:25:06 IST" finished-at="2022-07-19T15:25:19 IST">
      <class name="Sample">
        <test-method status="PASS" signature="launchBrowser()[pri:1, instance:Sample@21213b92]" name="launchBrowser" duration-ms="8188" started-at="2022-07-19T15:25:06 IST" finished-at="2022-07-19T15:25:14 IST">
          <reporter-output>
          </reporter-output>
        </test-method> <!-- launchBrowser -->
        <test-method status="PASS" signature="searchGoogle()[pri:2, instance:Sample@21213b92]" name="searchGoogle" duration-ms="5340" started-at="2022-07-19T15:25:14 IST" finished-at="2022-07-19T15:25:19 IST">
          <reporter-output>
          </reporter-output>
        </test-method> <!-- searchGoogle -->
      </class> <!-- Sample -->
    </test> <!-- MavenProject -->
  </suite> <!-- Default Suite -->
</testng-results>
